0 info it worked if it ends with ok
1 verbose cli [ '/usr/local/Cellar/node/0.10.22/bin/node',
1 verbose cli   '/usr/local/bin/npm',
1 verbose cli   'install' ]
2 info using npm@1.3.14
3 info using node@v0.10.22
4 verbose readDependencies using package.json deps
5 verbose install where, deps [ '/Users/aedwards/Projects/timeline',
5 verbose install   [ 'coffee-script',
5 verbose install     'karma',
5 verbose install     'karma-chai',
5 verbose install     'mocha',
5 verbose install     'karma-mocha',
5 verbose install     'karma-growl-reporter' ] ]
6 info preinstall timeline-thing@0.0.1
7 verbose readDependencies using package.json deps
8 verbose already installed skipping karma-chai@0.0.x /Users/aedwards/Projects/timeline
9 verbose cache add [ 'coffee-script@latest', null ]
10 verbose cache add name=undefined spec="coffee-script@latest" args=["coffee-script@latest",null]
11 verbose parsed url { protocol: null,
11 verbose parsed url   slashes: null,
11 verbose parsed url   auth: null,
11 verbose parsed url   host: null,
11 verbose parsed url   port: null,
11 verbose parsed url   hostname: null,
11 verbose parsed url   hash: null,
11 verbose parsed url   search: null,
11 verbose parsed url   query: null,
11 verbose parsed url   pathname: 'coffee-script@latest',
11 verbose parsed url   path: 'coffee-script@latest',
11 verbose parsed url   href: 'coffee-script@latest' }
12 verbose cache add name="coffee-script" spec="latest" args=["coffee-script","latest"]
13 verbose parsed url { protocol: null,
13 verbose parsed url   slashes: null,
13 verbose parsed url   auth: null,
13 verbose parsed url   host: null,
13 verbose parsed url   port: null,
13 verbose parsed url   hostname: null,
13 verbose parsed url   hash: null,
13 verbose parsed url   search: null,
13 verbose parsed url   query: null,
13 verbose parsed url   pathname: 'latest',
13 verbose parsed url   path: 'latest',
13 verbose parsed url   href: 'latest' }
14 verbose addNamed [ 'coffee-script', 'latest' ]
15 verbose addNamed [ null, null ]
16 verbose cache add [ 'karma@latest', null ]
17 verbose cache add name=undefined spec="karma@latest" args=["karma@latest",null]
18 verbose parsed url { protocol: null,
18 verbose parsed url   slashes: null,
18 verbose parsed url   auth: null,
18 verbose parsed url   host: null,
18 verbose parsed url   port: null,
18 verbose parsed url   hostname: null,
18 verbose parsed url   hash: null,
18 verbose parsed url   search: null,
18 verbose parsed url   query: null,
18 verbose parsed url   pathname: 'karma@latest',
18 verbose parsed url   path: 'karma@latest',
18 verbose parsed url   href: 'karma@latest' }
19 verbose cache add name="karma" spec="latest" args=["karma","latest"]
20 verbose parsed url { protocol: null,
20 verbose parsed url   slashes: null,
20 verbose parsed url   auth: null,
20 verbose parsed url   host: null,
20 verbose parsed url   port: null,
20 verbose parsed url   hostname: null,
20 verbose parsed url   hash: null,
20 verbose parsed url   search: null,
20 verbose parsed url   query: null,
20 verbose parsed url   pathname: 'latest',
20 verbose parsed url   path: 'latest',
20 verbose parsed url   href: 'latest' }
21 verbose addNamed [ 'karma', 'latest' ]
22 verbose addNamed [ null, null ]
23 verbose already installed skipping mocha@~1.17.1 /Users/aedwards/Projects/timeline
24 silly lockFile 7e5ad31f-coffee-script-latest coffee-script@latest
25 verbose lock coffee-script@latest /Users/aedwards/.npm/7e5ad31f-coffee-script-latest.lock
26 silly lockFile 3f9391e6-karma-latest karma@latest
27 verbose lock karma@latest /Users/aedwards/.npm/3f9391e6-karma-latest.lock
28 verbose already installed skipping karma-mocha@~0.1.1 /Users/aedwards/Projects/timeline
29 verbose already installed skipping karma-growl-reporter@~0.0.1 /Users/aedwards/Projects/timeline
30 info addNameTag [ 'coffee-script', 'latest' ]
31 info addNameTag [ 'karma', 'latest' ]
32 verbose url raw coffee-script
33 verbose url resolving [ 'https://registry.npmjs.org/', './coffee-script' ]
34 verbose url resolved https://registry.npmjs.org/coffee-script
35 info trying registry request attempt 1 at 17:53:48
36 verbose etag "94FM4OBWKW3BUAOMWEPDQYOUT"
37 http GET https://registry.npmjs.org/coffee-script
38 verbose url raw karma
39 verbose url resolving [ 'https://registry.npmjs.org/', './karma' ]
40 verbose url resolved https://registry.npmjs.org/karma
41 info trying registry request attempt 1 at 17:53:48
42 verbose etag "9UL7WWA6R491M230KN4UPZM5Z"
43 http GET https://registry.npmjs.org/karma
44 http 304 https://registry.npmjs.org/coffee-script
45 silly registry.get cb [ 304,
45 silly registry.get   { date: 'Thu, 06 Feb 2014 06:53:49 GMT',
45 silly registry.get     server: 'Apache',
45 silly registry.get     connection: 'Keep-Alive',
45 silly registry.get     'keep-alive': 'timeout=10, max=50',
45 silly registry.get     etag: '"94FM4OBWKW3BUAOMWEPDQYOUT"',
45 silly registry.get     'cache-control': 'max-age=1',
45 silly registry.get     vary: 'Accept' } ]
46 verbose etag coffee-script from cache
47 verbose addNamed [ 'coffee-script', '1.7.1' ]
48 verbose addNamed [ '1.7.1', '1.7.1' ]
49 silly lockFile 66cb63a1-coffee-script-1-7-1 coffee-script@1.7.1
50 verbose lock coffee-script@1.7.1 /Users/aedwards/.npm/66cb63a1-coffee-script-1-7-1.lock
51 silly lockFile 66cb63a1-coffee-script-1-7-1 coffee-script@1.7.1
52 silly lockFile 66cb63a1-coffee-script-1-7-1 coffee-script@1.7.1
53 silly lockFile 7e5ad31f-coffee-script-latest coffee-script@latest
54 silly lockFile 7e5ad31f-coffee-script-latest coffee-script@latest
55 info already installed coffee-script@1.7.1
56 http 304 https://registry.npmjs.org/karma
57 silly registry.get cb [ 304,
57 silly registry.get   { date: 'Thu, 06 Feb 2014 06:53:49 GMT',
57 silly registry.get     server: 'Apache',
57 silly registry.get     connection: 'Keep-Alive',
57 silly registry.get     'keep-alive': 'timeout=10, max=50',
57 silly registry.get     etag: '"9UL7WWA6R491M230KN4UPZM5Z"',
57 silly registry.get     'cache-control': 'max-age=1',
57 silly registry.get     vary: 'Accept' } ]
58 verbose etag karma from cache
59 verbose addNamed [ 'karma', '0.10.9' ]
60 verbose addNamed [ '0.10.9', '0.10.9' ]
61 silly lockFile 0d13b471-karma-0-10-9 karma@0.10.9
62 verbose lock karma@0.10.9 /Users/aedwards/.npm/0d13b471-karma-0-10-9.lock
63 silly lockFile 0d13b471-karma-0-10-9 karma@0.10.9
64 silly lockFile 0d13b471-karma-0-10-9 karma@0.10.9
65 silly lockFile 3f9391e6-karma-latest karma@latest
66 silly lockFile 3f9391e6-karma-latest karma@latest
67 info already installed karma@0.10.9
68 silly resolved []
69 info build /Users/aedwards/Projects/timeline
70 verbose linkStuff [ false, false, false, '/Users/aedwards/Projects' ]
71 info linkStuff timeline-thing@0.0.1
72 verbose linkBins timeline-thing@0.0.1
73 verbose linkMans timeline-thing@0.0.1
74 verbose rebuildBundles timeline-thing@0.0.1
75 verbose rebuildBundles [ '.bin',
75 verbose rebuildBundles   'coffee-script',
75 verbose rebuildBundles   'karma',
75 verbose rebuildBundles   'karma-chai',
75 verbose rebuildBundles   'karma-chrome-launcher',
75 verbose rebuildBundles   'karma-coffee-preprocessor',
75 verbose rebuildBundles   'karma-firefox-launcher',
75 verbose rebuildBundles   'karma-growl-reporter',
75 verbose rebuildBundles   'karma-html2js-preprocessor',
75 verbose rebuildBundles   'karma-jasmine',
75 verbose rebuildBundles   'karma-mocha',
75 verbose rebuildBundles   'karma-phantomjs-launcher',
75 verbose rebuildBundles   'karma-requirejs',
75 verbose rebuildBundles   'karma-script-launcher',
75 verbose rebuildBundles   'mocha',
75 verbose rebuildBundles   'requirejs' ]
76 verbose rebuild bundle /Users/aedwards/Projects/timeline/node_modules/karma-chrome-launcher
77 info build /Users/aedwards/Projects/timeline/node_modules/karma-chrome-launcher
78 info preinstall karma-chrome-launcher@0.1.2
79 verbose linkStuff [ false,
79 verbose linkStuff   false,
79 verbose linkStuff   false,
79 verbose linkStuff   '/Users/aedwards/Projects/timeline/node_modules' ]
80 info linkStuff karma-chrome-launcher@0.1.2
81 verbose linkBins karma-chrome-launcher@0.1.2
82 verbose linkMans karma-chrome-launcher@0.1.2
83 verbose rebuildBundles karma-chrome-launcher@0.1.2
84 info install karma-chrome-launcher@0.1.2
85 info postinstall karma-chrome-launcher@0.1.2
86 verbose rebuild bundle /Users/aedwards/Projects/timeline/node_modules/karma-coffee-preprocessor
87 info build /Users/aedwards/Projects/timeline/node_modules/karma-coffee-preprocessor
88 info preinstall karma-coffee-preprocessor@0.1.2
89 verbose linkStuff [ false,
89 verbose linkStuff   false,
89 verbose linkStuff   false,
89 verbose linkStuff   '/Users/aedwards/Projects/timeline/node_modules' ]
90 info linkStuff karma-coffee-preprocessor@0.1.2
91 verbose linkBins karma-coffee-preprocessor@0.1.2
92 verbose linkMans karma-coffee-preprocessor@0.1.2
93 verbose rebuildBundles karma-coffee-preprocessor@0.1.2
94 verbose rebuildBundles [ '.bin', 'coffee-script' ]
95 info install karma-coffee-preprocessor@0.1.2
96 info postinstall karma-coffee-preprocessor@0.1.2
97 verbose rebuild bundle /Users/aedwards/Projects/timeline/node_modules/karma-firefox-launcher
98 info build /Users/aedwards/Projects/timeline/node_modules/karma-firefox-launcher
99 info preinstall karma-firefox-launcher@0.1.3
100 verbose linkStuff [ false,
100 verbose linkStuff   false,
100 verbose linkStuff   false,
100 verbose linkStuff   '/Users/aedwards/Projects/timeline/node_modules' ]
101 info linkStuff karma-firefox-launcher@0.1.3
102 verbose linkBins karma-firefox-launcher@0.1.3
103 verbose linkMans karma-firefox-launcher@0.1.3
104 verbose rebuildBundles karma-firefox-launcher@0.1.3
105 info install karma-firefox-launcher@0.1.3
106 info postinstall karma-firefox-launcher@0.1.3
107 verbose rebuild bundle /Users/aedwards/Projects/timeline/node_modules/karma-html2js-preprocessor
108 info build /Users/aedwards/Projects/timeline/node_modules/karma-html2js-preprocessor
109 info preinstall karma-html2js-preprocessor@0.1.0
110 verbose linkStuff [ false,
110 verbose linkStuff   false,
110 verbose linkStuff   false,
110 verbose linkStuff   '/Users/aedwards/Projects/timeline/node_modules' ]
111 info linkStuff karma-html2js-preprocessor@0.1.0
112 verbose linkBins karma-html2js-preprocessor@0.1.0
113 verbose linkMans karma-html2js-preprocessor@0.1.0
114 verbose rebuildBundles karma-html2js-preprocessor@0.1.0
115 info install karma-html2js-preprocessor@0.1.0
116 info postinstall karma-html2js-preprocessor@0.1.0
117 verbose rebuild bundle /Users/aedwards/Projects/timeline/node_modules/karma-jasmine
118 info build /Users/aedwards/Projects/timeline/node_modules/karma-jasmine
119 info preinstall karma-jasmine@0.1.5
120 verbose linkStuff [ false,
120 verbose linkStuff   false,
120 verbose linkStuff   false,
120 verbose linkStuff   '/Users/aedwards/Projects/timeline/node_modules' ]
121 info linkStuff karma-jasmine@0.1.5
122 verbose linkBins karma-jasmine@0.1.5
123 verbose linkMans karma-jasmine@0.1.5
124 verbose rebuildBundles karma-jasmine@0.1.5
125 info install karma-jasmine@0.1.5
126 info postinstall karma-jasmine@0.1.5
127 verbose rebuild bundle /Users/aedwards/Projects/timeline/node_modules/karma-phantomjs-launcher
128 info build /Users/aedwards/Projects/timeline/node_modules/karma-phantomjs-launcher
129 info preinstall karma-phantomjs-launcher@0.1.2
130 verbose linkStuff [ false,
130 verbose linkStuff   false,
130 verbose linkStuff   false,
130 verbose linkStuff   '/Users/aedwards/Projects/timeline/node_modules' ]
131 info linkStuff karma-phantomjs-launcher@0.1.2
132 verbose linkBins karma-phantomjs-launcher@0.1.2
133 verbose linkMans karma-phantomjs-launcher@0.1.2
134 verbose rebuildBundles karma-phantomjs-launcher@0.1.2
135 verbose rebuildBundles [ '.bin', 'phantomjs' ]
136 info install karma-phantomjs-launcher@0.1.2
137 info postinstall karma-phantomjs-launcher@0.1.2
138 verbose rebuild bundle /Users/aedwards/Projects/timeline/node_modules/karma-requirejs
139 info build /Users/aedwards/Projects/timeline/node_modules/karma-requirejs
140 info preinstall karma-requirejs@0.2.1
141 verbose linkStuff [ false,
141 verbose linkStuff   false,
141 verbose linkStuff   false,
141 verbose linkStuff   '/Users/aedwards/Projects/timeline/node_modules' ]
142 info linkStuff karma-requirejs@0.2.1
143 verbose linkBins karma-requirejs@0.2.1
144 verbose linkMans karma-requirejs@0.2.1
145 verbose rebuildBundles karma-requirejs@0.2.1
146 info install karma-requirejs@0.2.1
147 info postinstall karma-requirejs@0.2.1
148 verbose rebuild bundle /Users/aedwards/Projects/timeline/node_modules/karma-script-launcher
149 info build /Users/aedwards/Projects/timeline/node_modules/karma-script-launcher
150 info preinstall karma-script-launcher@0.1.0
151 verbose linkStuff [ false,
151 verbose linkStuff   false,
151 verbose linkStuff   false,
151 verbose linkStuff   '/Users/aedwards/Projects/timeline/node_modules' ]
152 info linkStuff karma-script-launcher@0.1.0
153 verbose linkBins karma-script-launcher@0.1.0
154 verbose linkMans karma-script-launcher@0.1.0
155 verbose rebuildBundles karma-script-launcher@0.1.0
156 info install karma-script-launcher@0.1.0
157 info postinstall karma-script-launcher@0.1.0
158 verbose rebuild bundle /Users/aedwards/Projects/timeline/node_modules/requirejs
159 info build /Users/aedwards/Projects/timeline/node_modules/requirejs
160 info preinstall requirejs@2.1.10
161 verbose linkStuff [ false,
161 verbose linkStuff   false,
161 verbose linkStuff   false,
161 verbose linkStuff   '/Users/aedwards/Projects/timeline/node_modules' ]
162 info linkStuff requirejs@2.1.10
163 verbose linkBins requirejs@2.1.10
164 verbose link bins [ { 'r.js': './bin/r.js' },
164 verbose link bins   '/Users/aedwards/Projects/timeline/node_modules/.bin',
164 verbose link bins   false ]
165 verbose linkMans requirejs@2.1.10
166 verbose rebuildBundles requirejs@2.1.10
167 info install requirejs@2.1.10
168 info postinstall requirejs@2.1.10
169 info install timeline-thing@0.0.1
170 info postinstall timeline-thing@0.0.1
171 info prepublish timeline-thing@0.0.1
172 error peerinvalid The package karma does not satisfy its siblings' peerDependencies requirements!
172 error peerinvalid Peer karma-chai@0.0.2 wants karma@>=0.9
172 error peerinvalid Peer karma-mocha@0.1.1 wants karma@>=0.9
172 error peerinvalid Peer karma-growl-reporter@0.0.2 wants karma@~0.9
172 error peerinvalid Peer karma-chrome-launcher@0.1.2 wants karma@>=0.9.3
172 error peerinvalid Peer karma-firefox-launcher@0.1.3 wants karma@>=0.9
172 error peerinvalid Peer karma-html2js-preprocessor@0.1.0 wants karma@>=0.9
172 error peerinvalid Peer karma-jasmine@0.1.5 wants karma@>=0.9
172 error peerinvalid Peer karma-requirejs@0.2.1 wants karma@>=0.9
172 error peerinvalid Peer karma-script-launcher@0.1.0 wants karma@>=0.9
172 error peerinvalid Peer karma-coffee-preprocessor@0.1.2 wants karma@>=0.9
172 error peerinvalid Peer karma-phantomjs-launcher@0.1.2 wants karma@>=0.9
173 error System Darwin 12.5.0
174 error command "/usr/local/Cellar/node/0.10.22/bin/node" "/usr/local/bin/npm" "install"
175 error cwd /Users/aedwards/Projects/timeline
176 error node -v v0.10.22
177 error npm -v 1.3.14
178 error code EPEERINVALID
179 verbose exit [ 1, true ]
